<?xml version="1.0" encoding="UTF-8"?>
<!-- Generated by org.testng.reporters.JUnitXMLReporter -->
<testsuite ignored="0" hostname="LTIN588531" failures="0" tests="6" name="Default test" time="27.967" errors="0" timestamp="2025-06-13T14:16:39 IST">
  <testcase classname="com.selenium.eduviya_testpages.EduvidyaTest" name="openHomePage" time="1.509"/>
  <testcase classname="com.selenium.eduviya_testpages.EduvidyaTest" name="navigateToSchools" time="3.59"/>
  <testcase classname="com.selenium.eduviya_testpages.EduvidyaTest" name="selectCourseType" time="0.181"/>
  <testcase classname="com.selenium.eduviya_testpages.EduvidyaTest" name="selectCity" time="0.16"/>
  <testcase classname="com.selenium.eduviya_testpages.EduvidyaTest" name="searchSchools" time="15.209"/>
  <testcase classname="com.selenium.eduviya_testpages.EduvidyaTest" name="displayListofSchools" time="0.002"/>
</testsuite> <!-- Default test -->
