<?xml version="1.0" encoding="UTF-8"?>
<!-- Generated by org.testng.reporters.JUnitXMLReporter -->
<testsuite ignored="0" hostname="LTIN588531" failures="0" tests="6" name="School Search Test" time="27.839" errors="0" timestamp="2025-06-13T17:27:50 IST">
  <testcase classname="com.selenium.eduviya_testpages.EduvidyaTest" name="openHomePage" time="1.096"/>
  <testcase classname="com.selenium.eduviya_testpages.EduvidyaTest" name="navigateToSchools" time="4.537"/>
  <testcase classname="com.selenium.eduviya_testpages.EduvidyaTest" name="selectCourseType" time="0.166"/>
  <testcase classname="com.selenium.eduviya_testpages.EduvidyaTest" name="selectCity" time="0.151"/>
  <testcase classname="com.selenium.eduviya_testpages.EduvidyaTest" name="searchSchools" time="14.532"/>
  <testcase classname="com.selenium.eduviya_testpages.EduvidyaTest" name="displayListofSchools" time="0.001"/>
</testsuite> <!-- School Search Test -->
