<?xml version="1.0" encoding="UTF-8"?>
<!-- Generated by org.testng.reporters.JUnitXMLReporter -->
<testsuite ignored="0" hostname="LTIN588531" failures="4" tests="31" name="bmi-edge" time="78.389" errors="0" timestamp="2025-07-07T22:55:21 IST">
  <testcase classname="bmi_tests.BMI_test" name="testHomeLink" time="0.267"/>
  <testcase classname="bmi_tests.BMI_test" name="testKnowYourResultsLink" time="0.282"/>
  <testcase classname="bmi_tests.BMI_test" name="testHealthTipsLink" time="0.704"/>
  <testcase classname="bmi_tests.BMI_test" name="testFindDoctorLink" time="0.305"/>
  <testcase classname="bmi_tests.BMI_test" name="testQueriesLink" time="0.288"/>
  <testcase classname="bmi_tests.BMI_test" name="testKidsAndAdultsButtons" time="0.602"/>
  <testcase classname="bmi_tests.BMI_test" name="testBmiCalculationValidInputs" time="1.696"/>
  <testcase classname="bmi_tests.BMI_test" name="testBmiCalculationValidInputs" time="1.569"/>
  <testcase classname="bmi_tests.BMI_test" name="testBmiCalculationValidInputs" time="1.583"/>
  <testcase classname="bmi_tests.BMI_test" name="testBmiCalculationValidInputs" time="1.706"/>
  <testcase classname="bmi_tests.BMI_test" name="testBmiCalculationValidInputs" time="1.654"/>
  <testcase classname="bmi_tests.BMI_test" name="testBmiCalculationValidInputs" time="1.388"/>
  <testcase classname="bmi_tests.BMI_test" name="testBmiCalculationValidInputs" time="1.554"/>
  <testcase classname="bmi_tests.BMI_test" name="testBmiCalculationValidInputs" time="1.419"/>
  <testcase classname="bmi_tests.BMI_test" name="testBmiCalculationValidInputs" time="1.502"/>
  <testcase classname="bmi_tests.BMI_test" name="testBmiCalculationValidInputs" time="1.679"/>
  <testcase classname="bmi_tests.BMI_test" name="testBmiCalculationValidInputs" time="1.769"/>
  <testcase classname="bmi_tests.BMI_test" name="testBmiCalculationValidInputs" time="1.441"/>
  <testcase classname="bmi_tests.BMI_test" name="testBmiCalculationValidInputs" time="1.339">
    <failure type="java.lang.AssertionError" message="BMI result mismatch. expected [Please enter valid numbers for height and weight] but found [Your BMI is: Infinity
Obese]">
      <![CDATA[java.lang.AssertionError: BMI result mismatch. expected [Please enter valid numbers for height and weight] but found [Your BMI is: Infinity
Obese]
at bmi_tests.BMI_test.testBmiCalculationValidInputs(BMI_test.java:140)
at java.base/java.util.ArrayList.forEach(ArrayList.java:1596)
... Removed 30 stack frames]]>
    </failure>
  </testcase> <!-- testBmiCalculationValidInputs -->
  <testcase classname="bmi_tests.BMI_test" name="testBmiCalculationValidInputs" time="1.832">
    <failure type="java.lang.AssertionError" message="BMI result mismatch. expected [Please enter valid numbers for height and weight] but found [Your BMI is: 0.0
Underweight]">
      <![CDATA[java.lang.AssertionError: BMI result mismatch. expected [Please enter valid numbers for height and weight] but found [Your BMI is: 0.0
Underweight]
at bmi_tests.BMI_test.testBmiCalculationValidInputs(BMI_test.java:140)
at java.base/java.util.ArrayList.forEach(ArrayList.java:1596)
... Removed 30 stack frames]]>
    </failure>
  </testcase> <!-- testBmiCalculationValidInputs -->
  <testcase classname="bmi_tests.BMI_test" name="testBmiCalculationValidInputs" time="1.634"/>
  <testcase classname="bmi_tests.BMI_test" name="testBmiCalculationValidInputs" time="1.827"/>
  <testcase classname="bmi_tests.BMI_test" name="testBmiCalculationValidInputs" time="1.8"/>
  <testcase classname="bmi_tests.BMI_test" name="testHealthTipsLinks" time="7.816"/>
  <testcase classname="bmi_tests.BMI_test" name="clickFindDoctorLink" time="0.296"/>
  <testcase classname="bmi_tests.BMI_test" name="testDoctorLinks" time="16.081"/>
  <testcase classname="bmi_tests.BMI_test" name="testQueriesForm" time="1.42"/>
  <testcase classname="bmi_tests.BMI_test" name="testQueriesForm" time="1.438"/>
  <testcase classname="bmi_tests.BMI_test" name="testQueriesForm" time="1.568"/>
  <testcase classname="bmi_tests.BMI_test" name="testQueriesForm" time="1.68">
    <failure type="java.lang.AssertionError" message="expected [true] but found [false]">
      <![CDATA[java.lang.AssertionError: expected [true] but found [false]
at bmi_tests.BMI_test.testQueriesForm(BMI_test.java:270)
at java.base/java.util.ArrayList.forEach(ArrayList.java:1596)
... Removed 31 stack frames]]>
    </failure>
  </testcase> <!-- testQueriesForm -->
  <testcase classname="bmi_tests.BMI_test" name="testQueriesForm" time="1.398">
    <failure type="java.lang.AssertionError" message="expected [true] but found [false]">
      <![CDATA[java.lang.AssertionError: expected [true] but found [false]
at bmi_tests.BMI_test.testQueriesForm(BMI_test.java:270)
at java.base/java.util.ArrayList.forEach(ArrayList.java:1596)
... Removed 31 stack frames]]>
    </failure>
  </testcase> <!-- testQueriesForm -->
</testsuite> <!-- bmi-edge -->
