<?xml version="1.0" encoding="UTF-8"?>
<!-- Generated by org.testng.reporters.JUnitXMLReporter -->
<testsuite ignored="0" hostname="LTIN588531" failures="4" tests="31" name="bmi-chrome" time="76.795" errors="0" timestamp="2025-07-07T22:54:03 IST">
  <testcase classname="bmi_tests.BMI_test" name="testHomeLink" time="0.332"/>
  <testcase classname="bmi_tests.BMI_test" name="testKnowYourResultsLink" time="0.264"/>
  <testcase classname="bmi_tests.BMI_test" name="testHealthTipsLink" time="0.573"/>
  <testcase classname="bmi_tests.BMI_test" name="testFindDoctorLink" time="0.276"/>
  <testcase classname="bmi_tests.BMI_test" name="testQueriesLink" time="0.266"/>
  <testcase classname="bmi_tests.BMI_test" name="testKidsAndAdultsButtons" time="0.6"/>
  <testcase classname="bmi_tests.BMI_test" name="testBmiCalculationValidInputs" time="1.827"/>
  <testcase classname="bmi_tests.BMI_test" name="testBmiCalculationValidInputs" time="1.944"/>
  <testcase classname="bmi_tests.BMI_test" name="testBmiCalculationValidInputs" time="2.019"/>
  <testcase classname="bmi_tests.BMI_test" name="testBmiCalculationValidInputs" time="2.025"/>
  <testcase classname="bmi_tests.BMI_test" name="testBmiCalculationValidInputs" time="1.664"/>
  <testcase classname="bmi_tests.BMI_test" name="testBmiCalculationValidInputs" time="1.746"/>
  <testcase classname="bmi_tests.BMI_test" name="testBmiCalculationValidInputs" time="1.751"/>
  <testcase classname="bmi_tests.BMI_test" name="testBmiCalculationValidInputs" time="1.487"/>
  <testcase classname="bmi_tests.BMI_test" name="testBmiCalculationValidInputs" time="1.339"/>
  <testcase classname="bmi_tests.BMI_test" name="testBmiCalculationValidInputs" time="1.515"/>
  <testcase classname="bmi_tests.BMI_test" name="testBmiCalculationValidInputs" time="1.417"/>
  <testcase classname="bmi_tests.BMI_test" name="testBmiCalculationValidInputs" time="1.627"/>
  <testcase classname="bmi_tests.BMI_test" name="testBmiCalculationValidInputs" time="1.359">
    <failure type="java.lang.AssertionError" message="BMI result mismatch. expected [Please enter valid numbers for height and weight] but found [Your BMI is: Infinity
Obese]">
      <![CDATA[java.lang.AssertionError: BMI result mismatch. expected [Please enter valid numbers for height and weight] but found [Your BMI is: Infinity
Obese]
at bmi_tests.BMI_test.testBmiCalculationValidInputs(BMI_test.java:140)
at java.base/java.util.ArrayList.forEach(ArrayList.java:1596)
... Removed 30 stack frames]]>
    </failure>
  </testcase> <!-- testBmiCalculationValidInputs -->
  <testcase classname="bmi_tests.BMI_test" name="testBmiCalculationValidInputs" time="1.441">
    <failure type="java.lang.AssertionError" message="BMI result mismatch. expected [Please enter valid numbers for height and weight] but found [Your BMI is: 0.0
Underweight]">
      <![CDATA[java.lang.AssertionError: BMI result mismatch. expected [Please enter valid numbers for height and weight] but found [Your BMI is: 0.0
Underweight]
at bmi_tests.BMI_test.testBmiCalculationValidInputs(BMI_test.java:140)
at java.base/java.util.ArrayList.forEach(ArrayList.java:1596)
... Removed 30 stack frames]]>
    </failure>
  </testcase> <!-- testBmiCalculationValidInputs -->
  <testcase classname="bmi_tests.BMI_test" name="testBmiCalculationValidInputs" time="1.582"/>
  <testcase classname="bmi_tests.BMI_test" name="testBmiCalculationValidInputs" time="1.571"/>
  <testcase classname="bmi_tests.BMI_test" name="testBmiCalculationValidInputs" time="1.223"/>
  <testcase classname="bmi_tests.BMI_test" name="testHealthTipsLinks" time="8.669"/>
  <testcase classname="bmi_tests.BMI_test" name="clickFindDoctorLink" time="0.244"/>
  <testcase classname="bmi_tests.BMI_test" name="testDoctorLinks" time="16.033"/>
  <testcase classname="bmi_tests.BMI_test" name="testQueriesForm" time="1.226"/>
  <testcase classname="bmi_tests.BMI_test" name="testQueriesForm" time="1.342"/>
  <testcase classname="bmi_tests.BMI_test" name="testQueriesForm" time="1.437"/>
  <testcase classname="bmi_tests.BMI_test" name="testQueriesForm" time="1.184">
    <failure type="java.lang.AssertionError" message="expected [true] but found [false]">
      <![CDATA[java.lang.AssertionError: expected [true] but found [false]
at bmi_tests.BMI_test.testQueriesForm(BMI_test.java:270)
at java.base/java.util.ArrayList.forEach(ArrayList.java:1596)
... Removed 31 stack frames]]>
    </failure>
  </testcase> <!-- testQueriesForm -->
  <testcase classname="bmi_tests.BMI_test" name="testQueriesForm" time="1.179">
    <failure type="java.lang.AssertionError" message="expected [true] but found [false]">
      <![CDATA[java.lang.AssertionError: expected [true] but found [false]
at bmi_tests.BMI_test.testQueriesForm(BMI_test.java:270)
at java.base/java.util.ArrayList.forEach(ArrayList.java:1596)
... Removed 31 stack frames]]>
    </failure>
  </testcase> <!-- testQueriesForm -->
</testsuite> <!-- bmi-chrome -->
